<?xml version="1.0" encoding="UTF-8"?>
<trace:TraceModel
    xmi:version="2.0"
    xmlns:xmi="http://www.omg.org/XMI"
    xmlns:trace="http://www.eclipse.org/gmf/2006/Trace">
  <nodeTraces
      visualID="2003"
      queryText="(let _eClass_:ecore::EClass = modelFacet.metaClass.ecoreClass in _eClass_.ePackage.nsURI = 'http://tura.org/2013/v1/domain' and _eClass_.name = 'LayerHolder') and (let _containmentMF_:ecore::EStructuralFeature = modelFacet.containmentMetaFeature.ecoreFeature in (let _eClass_:ecore::EClass = _containmentMF_.eContainingClass in _eClass_.ePackage.nsURI = 'http://tura.org/2013/v1/domain' and _eClass_.name = 'CanvasView') and _containmentMF_.name = 'baseCanvas')">
    <compartmentTraces
        visualID="7007"
        queryText="true"/>
  </nodeTraces>
  <childNodeTraces
      visualID="3002"
      queryText="(let _eClass_:ecore::EClass = modelFacet.metaClass.ecoreClass in _eClass_.ePackage.nsURI = 'http://tura.org/2013/v1/domain' and _eClass_.name = 'DropDownSelection') and (let _containmentMF_:ecore::EStructuralFeature = modelFacet.containmentMetaFeature.ecoreFeature in (let _eClass_:ecore::EClass = _containmentMF_.eContainingClass in _eClass_.ePackage.nsURI = 'http://tura.org/2013/v1/domain' and _eClass_.name = 'ChildrenHolder') and _containmentMF_.name = 'children')"/>
  <childNodeTraces
      visualID="3004"
      queryText="(let _eClass_:ecore::EClass = modelFacet.metaClass.ecoreClass in _eClass_.ePackage.nsURI = 'http://tura.org/2013/v1/domain' and _eClass_.name = 'InputText') and (let _containmentMF_:ecore::EStructuralFeature = modelFacet.containmentMetaFeature.ecoreFeature in (let _eClass_:ecore::EClass = _containmentMF_.eContainingClass in _eClass_.ePackage.nsURI = 'http://tura.org/2013/v1/domain' and _eClass_.name = 'ChildrenHolder') and _containmentMF_.name = 'children')"/>
  <childNodeTraces
      visualID="3005"
      queryText="(let _eClass_:ecore::EClass = modelFacet.metaClass.ecoreClass in _eClass_.ePackage.nsURI = 'http://tura.org/2013/v1/domain' and _eClass_.name = 'Label') and (let _containmentMF_:ecore::EStructuralFeature = modelFacet.containmentMetaFeature.ecoreFeature in (let _eClass_:ecore::EClass = _containmentMF_.eContainingClass in _eClass_.ePackage.nsURI = 'http://tura.org/2013/v1/domain' and _eClass_.name = 'ChildrenHolder') and _containmentMF_.name = 'children')">
    <nodeLabelTraces
        visualID="5001"
        queryText="true"/>
  </childNodeTraces>
  <childNodeTraces
      visualID="3006"
      queryText="(let _eClass_:ecore::EClass = modelFacet.metaClass.ecoreClass in _eClass_.ePackage.nsURI = 'http://tura.org/2013/v1/domain' and _eClass_.name = 'OutputText') and (let _containmentMF_:ecore::EStructuralFeature = modelFacet.containmentMetaFeature.ecoreFeature in (let _eClass_:ecore::EClass = _containmentMF_.eContainingClass in _eClass_.ePackage.nsURI = 'http://tura.org/2013/v1/domain' and _eClass_.name = 'ChildrenHolder') and _containmentMF_.name = 'children')"/>
  <childNodeTraces
      visualID="3007"
      queryText="(let _eClass_:ecore::EClass = modelFacet.metaClass.ecoreClass in _eClass_.ePackage.nsURI = 'http://tura.org/2013/v1/domain' and _eClass_.name = 'CheckBox') and (let _containmentMF_:ecore::EStructuralFeature = modelFacet.containmentMetaFeature.ecoreFeature in (let _eClass_:ecore::EClass = _containmentMF_.eContainingClass in _eClass_.ePackage.nsURI = 'http://tura.org/2013/v1/domain' and _eClass_.name = 'ChildrenHolder') and _containmentMF_.name = 'children')"/>
  <childNodeTraces
      visualID="3008"
      queryText="(let _eClass_:ecore::EClass = modelFacet.metaClass.ecoreClass in _eClass_.ePackage.nsURI = 'http://tura.org/2013/v1/domain' and _eClass_.name = 'Table') and (let _containmentMF_:ecore::EStructuralFeature = modelFacet.containmentMetaFeature.ecoreFeature in (let _eClass_:ecore::EClass = _containmentMF_.eContainingClass in _eClass_.ePackage.nsURI = 'http://tura.org/2013/v1/domain' and _eClass_.name = 'ChildrenHolder') and _containmentMF_.name = 'children')">
    <nodeLabelTraces
        visualID="5004"
        queryText="true"/>
    <compartmentTraces
        visualID="7003"
        queryText="true"/>
  </childNodeTraces>
  <childNodeTraces
      visualID="3010"
      queryText="(let _eClass_:ecore::EClass = modelFacet.metaClass.ecoreClass in _eClass_.ePackage.nsURI = 'http://tura.org/2013/v1/domain' and _eClass_.name = 'DropDownSelection') and (let _containmentMF_:ecore::EStructuralFeature = modelFacet.containmentMetaFeature.ecoreFeature in (let _eClass_:ecore::EClass = _containmentMF_.eContainingClass in _eClass_.ePackage.nsURI = 'http://tura.org/2013/v1/domain' and _eClass_.name = 'Column') and _containmentMF_.name = 'element')"/>
  <childNodeTraces
      visualID="3012"
      queryText="(let _eClass_:ecore::EClass = modelFacet.metaClass.ecoreClass in _eClass_.ePackage.nsURI = 'http://tura.org/2013/v1/domain' and _eClass_.name = 'InputText') and (let _containmentMF_:ecore::EStructuralFeature = modelFacet.containmentMetaFeature.ecoreFeature in (let _eClass_:ecore::EClass = _containmentMF_.eContainingClass in _eClass_.ePackage.nsURI = 'http://tura.org/2013/v1/domain' and _eClass_.name = 'Column') and _containmentMF_.name = 'element')"/>
  <childNodeTraces
      visualID="3013"
      queryText="(let _eClass_:ecore::EClass = modelFacet.metaClass.ecoreClass in _eClass_.ePackage.nsURI = 'http://tura.org/2013/v1/domain' and _eClass_.name = 'Label') and (let _containmentMF_:ecore::EStructuralFeature = modelFacet.containmentMetaFeature.ecoreFeature in (let _eClass_:ecore::EClass = _containmentMF_.eContainingClass in _eClass_.ePackage.nsURI = 'http://tura.org/2013/v1/domain' and _eClass_.name = 'Column') and _containmentMF_.name = 'element')">
    <nodeLabelTraces
        visualID="5002"
        queryText="true"/>
  </childNodeTraces>
  <childNodeTraces
      visualID="3014"
      queryText="(let _eClass_:ecore::EClass = modelFacet.metaClass.ecoreClass in _eClass_.ePackage.nsURI = 'http://tura.org/2013/v1/domain' and _eClass_.name = 'OutputText') and (let _containmentMF_:ecore::EStructuralFeature = modelFacet.containmentMetaFeature.ecoreFeature in (let _eClass_:ecore::EClass = _containmentMF_.eContainingClass in _eClass_.ePackage.nsURI = 'http://tura.org/2013/v1/domain' and _eClass_.name = 'Column') and _containmentMF_.name = 'element')"/>
  <childNodeTraces
      visualID="3015"
      queryText="(let _eClass_:ecore::EClass = modelFacet.metaClass.ecoreClass in _eClass_.ePackage.nsURI = 'http://tura.org/2013/v1/domain' and _eClass_.name = 'CheckBox') and (let _containmentMF_:ecore::EStructuralFeature = modelFacet.containmentMetaFeature.ecoreFeature in (let _eClass_:ecore::EClass = _containmentMF_.eContainingClass in _eClass_.ePackage.nsURI = 'http://tura.org/2013/v1/domain' and _eClass_.name = 'Column') and _containmentMF_.name = 'element')"/>
  <childNodeTraces
      visualID="3016"
      queryText="(let _eClass_:ecore::EClass = modelFacet.metaClass.ecoreClass in _eClass_.ePackage.nsURI = 'http://tura.org/2013/v1/domain' and _eClass_.name = 'Tree') and (let _containmentMF_:ecore::EStructuralFeature = modelFacet.containmentMetaFeature.ecoreFeature in (let _eClass_:ecore::EClass = _containmentMF_.eContainingClass in _eClass_.ePackage.nsURI = 'http://tura.org/2013/v1/domain' and _eClass_.name = 'ChildrenHolder') and _containmentMF_.name = 'children')">
    <nodeLabelTraces
        visualID="5005"
        queryText="true"/>
    <compartmentTraces
        visualID="7012"
        queryText="true"/>
  </childNodeTraces>
  <childNodeTraces
      visualID="3017"
      queryText="(let _eClass_:ecore::EClass = modelFacet.metaClass.ecoreClass in _eClass_.ePackage.nsURI = 'http://tura.org/2013/v1/domain' and _eClass_.name = 'Button') and (let _containmentMF_:ecore::EStructuralFeature = modelFacet.containmentMetaFeature.ecoreFeature in (let _eClass_:ecore::EClass = _containmentMF_.eContainingClass in _eClass_.ePackage.nsURI = 'http://tura.org/2013/v1/domain' and _eClass_.name = 'ChildrenHolder') and _containmentMF_.name = 'children')">
    <nodeLabelTraces
        visualID="5006"
        queryText="true"/>
  </childNodeTraces>
  <childNodeTraces
      visualID="3019"
      queryText="(let _eClass_:ecore::EClass = modelFacet.metaClass.ecoreClass in _eClass_.ePackage.nsURI = 'http://tura.org/2013/v1/domain' and _eClass_.name = 'LayerHolder') and (let _containmentMF_:ecore::EStructuralFeature = modelFacet.containmentMetaFeature.ecoreFeature in (let _eClass_:ecore::EClass = _containmentMF_.eContainingClass in _eClass_.ePackage.nsURI = 'http://tura.org/2013/v1/domain' and _eClass_.name = 'ChildrenHolder') and _containmentMF_.name = 'children')">
    <compartmentTraces
        visualID="7008"
        queryText="true"/>
  </childNodeTraces>
  <childNodeTraces
      visualID="3020"
      queryText="(let _eClass_:ecore::EClass = modelFacet.metaClass.ecoreClass in _eClass_.ePackage.nsURI = 'http://tura.org/2013/v1/domain' and _eClass_.name = 'LayerHolder') and (let _containmentMF_:ecore::EStructuralFeature = modelFacet.containmentMetaFeature.ecoreFeature in (let _eClass_:ecore::EClass = _containmentMF_.eContainingClass in _eClass_.ePackage.nsURI = 'http://tura.org/2013/v1/domain' and _eClass_.name = 'Column') and _containmentMF_.name = 'element')">
    <compartmentTraces
        visualID="7009"
        queryText="true"/>
  </childNodeTraces>
  <childNodeTraces
      visualID="3021"
      queryText="(let _eClass_:ecore::EClass = modelFacet.metaClass.ecoreClass in _eClass_.ePackage.nsURI = 'http://tura.org/2013/v1/domain' and _eClass_.name = 'Table') and (let _containmentMF_:ecore::EStructuralFeature = modelFacet.containmentMetaFeature.ecoreFeature in (let _eClass_:ecore::EClass = _containmentMF_.eContainingClass in _eClass_.ePackage.nsURI = 'http://tura.org/2013/v1/domain' and _eClass_.name = 'Column') and _containmentMF_.name = 'element')">
    <nodeLabelTraces
        visualID="5007"
        queryText="true"/>
    <compartmentTraces
        visualID="7010"
        queryText="true"/>
  </childNodeTraces>
  <childNodeTraces
      visualID="3022"
      queryText="(let _eClass_:ecore::EClass = modelFacet.metaClass.ecoreClass in _eClass_.ePackage.nsURI = 'http://tura.org/2013/v1/domain' and _eClass_.name = 'Tree') and (let _containmentMF_:ecore::EStructuralFeature = modelFacet.containmentMetaFeature.ecoreFeature in (let _eClass_:ecore::EClass = _containmentMF_.eContainingClass in _eClass_.ePackage.nsURI = 'http://tura.org/2013/v1/domain' and _eClass_.name = 'Column') and _containmentMF_.name = 'element')">
    <nodeLabelTraces
        visualID="5008"
        queryText="true"/>
    <compartmentTraces
        visualID="7014"
        queryText="true"/>
  </childNodeTraces>
  <childNodeTraces
      visualID="3023"
      queryText="(let _eClass_:ecore::EClass = modelFacet.metaClass.ecoreClass in _eClass_.ePackage.nsURI = 'http://tura.org/2013/v1/domain' and _eClass_.name = 'Button') and (let _containmentMF_:ecore::EStructuralFeature = modelFacet.containmentMetaFeature.ecoreFeature in (let _eClass_:ecore::EClass = _containmentMF_.eContainingClass in _eClass_.ePackage.nsURI = 'http://tura.org/2013/v1/domain' and _eClass_.name = 'Column') and _containmentMF_.name = 'element')">
    <nodeLabelTraces
        visualID="5009"
        queryText="true"/>
  </childNodeTraces>
  <childNodeTraces
      visualID="3024"
      queryText="(let _eClass_:ecore::EClass = modelFacet.metaClass.ecoreClass in _eClass_.ePackage.nsURI = 'http://tura.org/2013/v1/domain' and _eClass_.name = 'Column') and (let _containmentMF_:ecore::EStructuralFeature = modelFacet.containmentMetaFeature.ecoreFeature in (let _eClass_:ecore::EClass = _containmentMF_.eContainingClass in _eClass_.ePackage.nsURI = 'http://tura.org/2013/v1/domain' and _eClass_.name = 'Table') and _containmentMF_.name = 'cols')">
    <nodeLabelTraces
        visualID="5010"
        queryText="true"/>
    <compartmentTraces
        visualID="7011"
        queryText="true"/>
  </childNodeTraces>
  <childNodeTraces
      visualID="3026"
      queryText="(let _eClass_:ecore::EClass = modelFacet.metaClass.ecoreClass in _eClass_.ePackage.nsURI = 'http://tura.org/2013/v1/domain' and _eClass_.name = 'Column') and (let _containmentMF_:ecore::EStructuralFeature = modelFacet.containmentMetaFeature.ecoreFeature in (let _eClass_:ecore::EClass = _containmentMF_.eContainingClass in _eClass_.ePackage.nsURI = 'http://tura.org/2013/v1/domain' and _eClass_.name = 'Tree') and _containmentMF_.name = 'cols')">
    <nodeLabelTraces
        visualID="5012"
        queryText="true"/>
    <compartmentTraces
        visualID="7015"
        queryText="true"/>
  </childNodeTraces>
  <childNodeTraces
      visualID="3028"
      queryText="(let _eClass_:ecore::EClass = modelFacet.metaClass.ecoreClass in _eClass_.ePackage.nsURI = 'http://tura.org/2013/v1/domain' and _eClass_.name = 'Image') and (let _containmentMF_:ecore::EStructuralFeature = modelFacet.containmentMetaFeature.ecoreFeature in (let _eClass_:ecore::EClass = _containmentMF_.eContainingClass in _eClass_.ePackage.nsURI = 'http://tura.org/2013/v1/domain' and _eClass_.name = 'ChildrenHolder') and _containmentMF_.name = 'children')"/>
  <childNodeTraces
      visualID="3029"
      queryText="(let _eClass_:ecore::EClass = modelFacet.metaClass.ecoreClass in _eClass_.ePackage.nsURI = 'http://tura.org/2013/v1/domain' and _eClass_.name = 'Date') and (let _containmentMF_:ecore::EStructuralFeature = modelFacet.containmentMetaFeature.ecoreFeature in (let _eClass_:ecore::EClass = _containmentMF_.eContainingClass in _eClass_.ePackage.nsURI = 'http://tura.org/2013/v1/domain' and _eClass_.name = 'ChildrenHolder') and _containmentMF_.name = 'children')"/>
  <childNodeTraces
      visualID="3030"
      queryText="(let _eClass_:ecore::EClass = modelFacet.metaClass.ecoreClass in _eClass_.ePackage.nsURI = 'http://tura.org/2013/v1/domain' and _eClass_.name = 'Image') and (let _containmentMF_:ecore::EStructuralFeature = modelFacet.containmentMetaFeature.ecoreFeature in (let _eClass_:ecore::EClass = _containmentMF_.eContainingClass in _eClass_.ePackage.nsURI = 'http://tura.org/2013/v1/domain' and _eClass_.name = 'Column') and _containmentMF_.name = 'element')"/>
  <childNodeTraces
      visualID="3031"
      queryText="(let _eClass_:ecore::EClass = modelFacet.metaClass.ecoreClass in _eClass_.ePackage.nsURI = 'http://tura.org/2013/v1/domain' and _eClass_.name = 'Date') and (let _containmentMF_:ecore::EStructuralFeature = modelFacet.containmentMetaFeature.ecoreFeature in (let _eClass_:ecore::EClass = _containmentMF_.eContainingClass in _eClass_.ePackage.nsURI = 'http://tura.org/2013/v1/domain' and _eClass_.name = 'Column') and _containmentMF_.name = 'element')"/>
  <childNodeTraces
      visualID="3032"
      queryText="(let _eClass_:ecore::EClass = modelFacet.metaClass.ecoreClass in _eClass_.ePackage.nsURI = 'http://tura.org/2013/v1/domain' and _eClass_.name = 'Password') and (let _containmentMF_:ecore::EStructuralFeature = modelFacet.containmentMetaFeature.ecoreFeature in (let _eClass_:ecore::EClass = _containmentMF_.eContainingClass in _eClass_.ePackage.nsURI = 'http://tura.org/2013/v1/domain' and _eClass_.name = 'ChildrenHolder') and _containmentMF_.name = 'children')"/>
  <childNodeTraces
      visualID="3033"
      queryText="(let _eClass_:ecore::EClass = modelFacet.metaClass.ecoreClass in _eClass_.ePackage.nsURI = 'http://tura.org/2013/v1/domain' and _eClass_.name = 'Password') and (let _containmentMF_:ecore::EStructuralFeature = modelFacet.containmentMetaFeature.ecoreFeature in (let _eClass_:ecore::EClass = _containmentMF_.eContainingClass in _eClass_.ePackage.nsURI = 'http://tura.org/2013/v1/domain' and _eClass_.name = 'Column') and _containmentMF_.name = 'element')"/>
  <childNodeTraces
      visualID="3034"
      queryText="(let _eClass_:ecore::EClass = modelFacet.metaClass.ecoreClass in _eClass_.ePackage.nsURI = 'http://tura.org/2013/v1/domain' and _eClass_.name = 'MessageElement') and (let _containmentMF_:ecore::EStructuralFeature = modelFacet.containmentMetaFeature.ecoreFeature in (let _eClass_:ecore::EClass = _containmentMF_.eContainingClass in _eClass_.ePackage.nsURI = 'http://tura.org/2013/v1/domain' and _eClass_.name = 'ChildrenHolder') and _containmentMF_.name = 'children')">
    <nodeLabelTraces
        visualID="5013"
        queryText="true"/>
  </childNodeTraces>
  <childNodeTraces
      visualID="3035"
      queryText="(let _eClass_:ecore::EClass = modelFacet.metaClass.ecoreClass in _eClass_.ePackage.nsURI = 'http://tura.org/2013/v1/domain' and _eClass_.name = 'MessageElement') and (let _containmentMF_:ecore::EStructuralFeature = modelFacet.containmentMetaFeature.ecoreFeature in (let _eClass_:ecore::EClass = _containmentMF_.eContainingClass in _eClass_.ePackage.nsURI = 'http://tura.org/2013/v1/domain' and _eClass_.name = 'Column') and _containmentMF_.name = 'element')">
    <nodeLabelTraces
        visualID="5014"
        queryText="true"/>
  </childNodeTraces>
  <childNodeTraces
      visualID="3036"
      queryText="(let _eClass_:ecore::EClass = modelFacet.metaClass.ecoreClass in _eClass_.ePackage.nsURI = 'http://tura.org/2013/v1/domain' and _eClass_.name = 'Menu') and (let _containmentMF_:ecore::EStructuralFeature = modelFacet.containmentMetaFeature.ecoreFeature in (let _eClass_:ecore::EClass = _containmentMF_.eContainingClass in _eClass_.ePackage.nsURI = 'http://tura.org/2013/v1/domain' and _eClass_.name = 'ChildrenHolder') and _containmentMF_.name = 'children')">
    <nodeLabelTraces
        visualID="5015"
        queryText="true"/>
  </childNodeTraces>
  <childNodeTraces
      visualID="3037"
      queryText="(let _eClass_:ecore::EClass = modelFacet.metaClass.ecoreClass in _eClass_.ePackage.nsURI = 'http://tura.org/2013/v1/domain' and _eClass_.name = 'Menu') and (let _containmentMF_:ecore::EStructuralFeature = modelFacet.containmentMetaFeature.ecoreFeature in (let _eClass_:ecore::EClass = _containmentMF_.eContainingClass in _eClass_.ePackage.nsURI = 'http://tura.org/2013/v1/domain' and _eClass_.name = 'Column') and _containmentMF_.name = 'element')">
    <nodeLabelTraces
        visualID="5016"
        queryText="true"/>
  </childNodeTraces>
  <linkTraces
      visualID="4001"
      queryText="modelFacet.oclIsKindOf(gmfgen::TypeLinkModelFacet) and (let _eClass_:ecore::EClass = modelFacet.oclAsType(gmfgen::TypeLinkModelFacet).metaClass.ecoreClass in _eClass_.ePackage.nsURI = 'http://tura.org/2013/v1/domain' and _eClass_.name = 'LinkToMessage')"/>
  <linkTraces
      visualID="4002"
      queryText="modelFacet.oclIsKindOf(gmfgen::TypeLinkModelFacet) and (let _eClass_:ecore::EClass = modelFacet.oclAsType(gmfgen::TypeLinkModelFacet).metaClass.ecoreClass in _eClass_.ePackage.nsURI = 'http://tura.org/2013/v1/domain' and _eClass_.name = 'LinkToLabel')"/>
</trace:TraceModel>
