#
# A fatal error has been detected by the Java Runtime Environment:
#
#  SIGSEGV (0xb) at pc=0x00000001018bb7d2, pid=6054, tid=11523
#
# JRE version: Java(TM) SE Runtime Environment (7.0_60-b19) (build 1.7.0_60-b19)
# Java VM: Java HotSpot(TM) 64-Bit Server VM (24.60-b09 mixed mode bsd-amd64 compressed oops)
# Problematic frame:
# C  [libzip.dylib+0x37d2]  ZIP_GetEntry+0x14f
#
# Failed to write core dump. Core dumps have been disabled. To enable core dumping, try "ulimit -c unlimited" before starting Java again
#
# If you would like to submit a bug report, please visit:
#   http://bugreport.sun.com/bugreport/crash.jsp
# The crash happened outside the Java Virtual Machine in native code.
# See problematic frame for where to report the bug.
#

---------------  T H R E A D  ---------------

Current thread (0x00007fcc9c028800):  JavaThread "Finalizer" daemon [_thread_in_native, id=11523, stack(0x000000010b810000,0x000000010b910000)]

siginfo:si_signo=SIGSEGV: si_errno=0, si_code=1 (SEGV_MAPERR), si_addr=0x0000000000000000

Registers:
RAX=0x0000000004841610, RBX=0x0000000004841610, RCX=0xc000000000000000, RDX=0x0000000000000000
RSP=0x000000010b90b010, RBP=0x000000010b90b050, RSI=0xc000000000000001, RDI=0x0000000000000102
R8 =0x0000000000000001, R9 =0x000000000000002d, R10=0x0000000102272f18, R11=0xfffffff936188d16
R12=0x000000000000002d, R13=0x000000010b90b06e, R14=0x00007fcc9b608520, R15=0x0000000000000000
RIP=0x00000001018bb7d2, EFLAGS=0x0000000000010246, ERR=0x0000000000000004
  TRAPNO=0x000000000000000e

Top of Stack: (sp=0x000000010b90b010)
0x000000010b90b010:   000000000000002d 0000002d9c028800
0x000000010b90b020:   000000010b90b06e 000000010b90b4b8
0x000000010b90b030:   000000000000002d 000000010b90b06e
0x000000010b90b040:   00007fcc9b608520 00007fcc9c0289e8
0x000000010b90b050:   000000010b90b4a0 00000001018ba570
0x000000010b90b060:   0000000000000000 726f000100000001
0x000000010b90b070:   62646c7173682f67 7361422f62696c2f
0x000000010b90b080:   644a747865546369 6d726f46676f4c6b
0x000000010b90b090:   6c632e7265747461 5800000000737361
0x000000010b90b0a0:   0000002001246fe0 0000000000000078
0x000000010b90b0b0:   00007fff7f5dc6b8 00007fff9af86e3e
0x000000010b90b0c0:   000000010b90b0e0 00000001010f3e21
0x000000010b90b0d0:   0000000000000001 000000010b90bab0
0x000000010b90b0e0:   000000000b90b100 0000000000000000
0x000000010b90b0f0:   00007fcc9b519e8c 000000007bd58820
0x000000010b90b100:   0000000000000001 0000000000000001
0x000000010b90b110:   0000000000000000 0000000000000000
0x000000010b90b120:   0000000000000000 000000019b50aa00
0x000000010b90b130:   00007fcc9c028800 0000000000000000
0x000000010b90b140:   0000003000000010 000000010b90b720
0x000000010b90b150:   000000010b90b640 00000007d5781fb0
0x000000010b90b160:   000000250000000e 0000000000000001
0x000000010b90b170:   00007fff7f5dc6b8 0000000000000000
0x000000010b90b180:   00007fcc9b510500 00007fcc9c080000
0x000000010b90b190:   00007fcc9c028800 00007fcc9c087f00
0x000000010b90b1a0:   00007fcc9cb4f238 00000007d5782028
0x000000010b90b1b0:   00000007d5782048 00000007d57820d8
0x000000010b90b1c0:   000000000000000c 00007fcc9cb4f1c8
0x000000010b90b1d0:   000000010b90b220 0000000100fd87ed
0x000000010b90b1e0:   00007fcc9b510500 00007fcc9c080000
0x000000010b90b1f0:   37007fcc9c0803d0 3434323138373564
0x000000010b90b200:   0000000000010388 0000000000000000 

Instructions: (pc=0x00000001018bb7d2)
0x00000001018bb7b2:   89 d8 31 d2 41 f7 b6 88 00 00 00 48 c1 e2 02 49
0x00000001018bb7c2:   03 96 80 00 00 00 4d 8b be 98 00 00 00 4d 85 ff
0x00000001018bb7d2:   44 8b 22 74 88 49 8b 3f 48 8b 75 d0 e8 83 13 00
0x00000001018bb7e2:   00 85 c0 0f 85 74 ff ff ff 49 c7 86 98 00 00 00 

Register to memory mapping:

RAX=0x0000000004841610 is an unknown value
RBX=0x0000000004841610 is an unknown value
RCX=0xc000000000000000 is an unknown value
RDX=0x0000000000000000 is an unknown value
RSP=0x000000010b90b010 is pointing into the stack for thread: 0x00007fcc9c028800
RBP=0x000000010b90b050 is pointing into the stack for thread: 0x00007fcc9c028800
RSI=0xc000000000000001 is an unknown value
RDI=0x0000000000000102 is an unknown value
R8 =0x0000000000000001 is an unknown value
R9 =0x000000000000002d is an unknown value
R10=0x0000000102272f18 is at entry_point+88 in (nmethod*)0x0000000102272d50
R11=0xfffffff936188d16 is an unknown value
R12=0x000000000000002d is an unknown value
R13=0x000000010b90b06e is pointing into the stack for thread: 0x00007fcc9c028800
R14=0x00007fcc9b608520 is an unknown value
R15=0x0000000000000000 is an unknown value


Stack: [0x000000010b810000,0x000000010b910000],  sp=0x000000010b90b010,  free space=1004k
Native frames: (J=compiled Java code, j=interpreted, Vv=VM code, C=native code)
C  [libzip.dylib+0x37d2]  ZIP_GetEntry+0x14f
C  [libzip.dylib+0x2570]  Java_java_util_zip_ZipFile_getEntry+0xdd
J 47  java.util.zip.ZipFile.getEntry(J[BZ)J (0 bytes) @ 0x0000000102272f8e [0x0000000102272ec0+0xce]

Java frames: (J=compiled Java code, j=interpreted, Vv=VM code)
J 47  java.util.zip.ZipFile.getEntry(J[BZ)J (0 bytes) @ 0x0000000102272f18 [0x0000000102272ec0+0x58]
J 133 C2 sun.misc.URLClassPath.getResource(Ljava/lang/String;Z)Lsun/misc/Resource; (74 bytes) @ 0x00000001022f7058 [0x00000001022f6be0+0x478]
j  java.net.URLClassLoader$1.run()Ljava/lang/Class;+26
j  java.net.URLClassLoader$1.run()Ljava/lang/Object;+1
v  ~StubRoutines::call_stub
j  java.security.AccessController.doPrivileged(Ljava/security/PrivilegedExceptionAction;Ljava/security/AccessControlContext;)Ljava/lang/Object;+0
j  java.net.URLClassLoader.findClass(Ljava/lang/String;)Ljava/lang/Class;+13
j  java.lang.ClassLoader.loadClass(Ljava/lang/String;Z)Ljava/lang/Class;+70
j  sun.misc.Launcher$AppClassLoader.loadClass(Ljava/lang/String;Z)Ljava/lang/Class;+36
j  java.lang.ClassLoader.loadClass(Ljava/lang/String;)Ljava/lang/Class;+3
v  ~StubRoutines::call_stub
j  org.hsqldb.Database.close(I)V+183
j  org.hsqldb.Database.finalize()V+11
j  java.lang.System$2.invokeFinalize(Ljava/lang/Object;)V+1
j  java.lang.ref.Finalizer.runFinalizer(Lsun/misc/JavaLangAccess;)V+46
j  java.lang.ref.Finalizer.access$100(Ljava/lang/ref/Finalizer;Lsun/misc/JavaLangAccess;)V+2
j  java.lang.ref.Finalizer$FinalizerThread.run()V+45
v  ~StubRoutines::call_stub

---------------  P R O C E S S  ---------------

Java Threads: ( => current thread )
  0x00007fcc9d2cf800 JavaThread "pool-3-thread-1" [_thread_blocked, id=19715, stack(0x000000010dea8000,0x000000010dfa8000)]
  0x00007fcc9c25b000 JavaThread "pool-2-thread-1" [_thread_blocked, id=19203, stack(0x000000010dbff000,0x000000010dcff000)]
  0x00007fcc9bb3f000 JavaThread "pool-1-thread-1" [_thread_blocked, id=18691, stack(0x000000010dfe7000,0x000000010e0e7000)]
  0x00007fcc9c02c800 JavaThread "Service Thread" daemon [_thread_blocked, id=17667, stack(0x000000010d537000,0x000000010d637000)]
  0x00007fcc9c02b800 JavaThread "C2 CompilerThread1" daemon [_thread_in_native, id=17155, stack(0x000000010d434000,0x000000010d534000)]
  0x00007fcc9c836800 JavaThread "C2 CompilerThread0" daemon [_thread_in_native, id=16643, stack(0x000000010d331000,0x000000010d431000)]
  0x00007fcc9c803000 JavaThread "Signal Dispatcher" daemon [_thread_blocked, id=13579, stack(0x000000010d22e000,0x000000010d32e000)]
=>0x00007fcc9c028800 JavaThread "Finalizer" daemon [_thread_in_native, id=11523, stack(0x000000010b810000,0x000000010b910000)]
  0x00007fcc9b80e000 JavaThread "Reference Handler" daemon [_thread_blocked, id=11011, stack(0x000000010b70d000,0x000000010b80d000)]
  0x00007fcc9c005800 JavaThread "main" [_thread_blocked, id=4099, stack(0x0000000101758000,0x0000000101858000)]

Other Threads:
  0x00007fcc9c028000 VMThread [stack: 0x000000010b60a000,0x000000010b70a000] [id=10499]
  0x00007fcc9c059800 WatcherThread [stack: 0x000000010d63a000,0x000000010d73a000] [id=18179]

VM state:not at safepoint (normal execution)

VM Mutex/Monitor currently owned by a thread: None

Heap
 PSYoungGen      total 146432K, used 15288K [0x00000007d5500000, 0x00000007df500000, 0x0000000800000000)
  eden space 133632K, 3% used [0x00000007d5500000,0x00000007d590a800,0x00000007dd780000)
  from space 12800K, 87% used [0x00000007de580000,0x00000007df063b40,0x00000007df200000)
  to   space 14336K, 0% used [0x00000007dd780000,0x00000007dd780000,0x00000007de580000)
 ParOldGen       total 87040K, used 11420K [0x0000000780000000, 0x0000000785500000, 0x00000007d5500000)
  object space 87040K, 13% used [0x0000000780000000,0x0000000780b27388,0x0000000785500000)
 PSPermGen       total 32256K, used 32249K [0x000000077ae00000, 0x000000077cd80000, 0x0000000780000000)
  object space 32256K, 99% used [0x000000077ae00000,0x000000077cd7e468,0x000000077cd80000)

Card table byte_map: [0x0000000105200000,0x000000010562a000] byte_map_base: 0x0000000101629000

Polling page: 0x00000001018ae000

Code Cache  [0x0000000102200000, 0x0000000102470000, 0x0000000105200000)
 total_blobs=937 nmethods=526 adapters=364 free_code_cache=47210Kb largest_free_block=48304384

Compilation events (10 events):
Event: 6.815 Thread 0x00007fcc9c836800 nmethod 558 0x00000001023d6c10 code [0x00000001023d6d60, 0x00000001023d7218]
Event: 6.815 Thread 0x00007fcc9c836800  559             org.hsqldb.rights.Right::<init> (10 bytes)
Event: 6.815 Thread 0x00007fcc9c836800 nmethod 559 0x00000001023d6a10 code [0x00000001023d6b40, 0x00000001023d6b98]
Event: 6.815 Thread 0x00007fcc9c836800  560             org.hsqldb.rights.Right::duplicate (15 bytes)
Event: 6.817 Thread 0x00007fcc9c836800 nmethod 560 0x00000001023d6710 code [0x00000001023d6860, 0x00000001023d6948]
Event: 6.817 Thread 0x00007fcc9c836800  561             org.hsqldb.rights.Right::add (351 bytes)
Event: 6.823 Thread 0x00007fcc9c836800 nmethod 561 0x00000001023ea7d0 code [0x00000001023ea940, 0x00000001023eac68]
Event: 6.823 Thread 0x00007fcc9c836800  562             org.hsqldb.store.BaseHashMap$ValuesIterator::hasNext (14 bytes)
Event: 6.824 Thread 0x00007fcc9c836800 nmethod 562 0x00000001023eae50 code [0x00000001023eaf80, 0x00000001023eaff8]
Event: 6.824 Thread 0x00007fcc9c836800  563             org.hsqldb.rights.Grantee::addToFullRights (156 bytes)

GC Heap History (10 events):
Event: 1.873 GC heap before
{Heap before GC invocations=2 (full 0):
 PSYoungGen      total 38912K, used 36634K [0x00000007d5500000, 0x00000007d8000000, 0x0000000800000000)
  eden space 33792K, 100% used [0x00000007d5500000,0x00000007d7600000,0x00000007d7600000)
  from space 5120K, 55% used [0x00000007d7600000,0x00000007d78c6898,0x00000007d7b00000)
  to   space 5120K, 0% used [0x00000007d7b00000,0x00000007d7b00000,0x00000007d8000000)
 ParOldGen       total 87040K, used 8K [0x0000000780000000, 0x0000000785500000, 0x00000007d5500000)
  object space 87040K, 0% used [0x0000000780000000,0x0000000780002000,0x0000000785500000)
 PSPermGen       total 21504K, used 13737K [0x000000077ae00000, 0x000000077c300000, 0x0000000780000000)
  object space 21504K, 63% used [0x000000077ae00000,0x000000077bb6a620,0x000000077c300000)
Event: 1.883 GC heap after
Heap after GC invocations=2 (full 0):
 PSYoungGen      total 38912K, used 4747K [0x00000007d5500000, 0x00000007d8000000, 0x0000000800000000)
  eden space 33792K, 0% used [0x00000007d5500000,0x00000007d5500000,0x00000007d7600000)
  from space 5120K, 92% used [0x00000007d7b00000,0x00000007d7fa2da8,0x00000007d8000000)
  to   space 5120K, 0% used [0x00000007d7600000,0x00000007d7600000,0x00000007d7b00000)
 ParOldGen       total 87040K, used 80K [0x0000000780000000, 0x0000000785500000, 0x00000007d5500000)
  object space 87040K, 0% used [0x0000000780000000,0x0000000780014010,0x0000000785500000)
 PSPermGen       total 21504K, used 13737K [0x000000077ae00000, 0x000000077c300000, 0x0000000780000000)
  object space 21504K, 63% used [0x000000077ae00000,0x000000077bb6a620,0x000000077c300000)
}
Event: 2.635 GC heap before
{Heap before GC invocations=3 (full 0):
 PSYoungGen      total 38912K, used 38539K [0x00000007d5500000, 0x00000007d8000000, 0x0000000800000000)
  eden space 33792K, 100% used [0x00000007d5500000,0x00000007d7600000,0x00000007d7600000)
  from space 5120K, 92% used [0x00000007d7b00000,0x00000007d7fa2da8,0x00000007d8000000)
  to   space 5120K, 0% used [0x00000007d7600000,0x00000007d7600000,0x00000007d7b00000)
 ParOldGen       total 87040K, used 80K [0x0000000780000000, 0x0000000785500000, 0x00000007d5500000)
  object space 87040K, 0% used [0x0000000780000000,0x0000000780014010,0x0000000785500000)
 PSPermGen       total 21504K, used 20106K [0x000000077ae00000, 0x000000077c300000, 0x0000000780000000)
  object space 21504K, 93% used [0x000000077ae00000,0x000000077c1a28e8,0x000000077c300000)
Event: 2.646 GC heap after
Heap after GC invocations=3 (full 0):
 PSYoungGen      total 38912K, used 5089K [0x00000007d5500000, 0x00000007da100000, 0x0000000800000000)
  eden space 33792K, 0% used [0x00000007d5500000,0x00000007d5500000,0x00000007d7600000)
  from space 5120K, 99% used [0x00000007d7600000,0x00000007d7af87a0,0x00000007d7b00000)
  to   space 5120K, 0% used [0x00000007d9c00000,0x00000007d9c00000,0x00000007da100000)
 ParOldGen       total 87040K, used 3350K [0x0000000780000000, 0x0000000785500000, 0x00000007d5500000)
  object space 87040K, 3% used [0x0000000780000000,0x0000000780345838,0x0000000785500000)
 PSPermGen       total 21504K, used 20106K [0x000000077ae00000, 0x000000077c300000, 0x0000000780000000)
  object space 21504K, 93% used [0x000000077ae00000,0x000000077c1a28e8,0x000000077c300000)
}
Event: 3.083 GC heap before
{Heap before GC invocations=4 (full 0):
 PSYoungGen      total 38912K, used 38881K [0x00000007d5500000, 0x00000007da100000, 0x0000000800000000)
  eden space 33792K, 100% used [0x00000007d5500000,0x00000007d7600000,0x00000007d7600000)
  from space 5120K, 99% used [0x00000007d7600000,0x00000007d7af87a0,0x00000007d7b00000)
  to   space 5120K, 0% used [0x00000007d9c00000,0x00000007d9c00000,0x00000007da100000)
 ParOldGen       total 87040K, used 3350K [0x0000000780000000, 0x0000000785500000, 0x00000007d5500000)
  object space 87040K, 3% used [0x0000000780000000,0x0000000780345838,0x0000000785500000)
 PSPermGen       total 23552K, used 23266K [0x000000077ae00000, 0x000000077c500000, 0x0000000780000000)
  object space 23552K, 98% used [0x000000077ae00000,0x000000077c4b8be0,0x000000077c500000)
Event: 3.097 GC heap after
Heap after GC invocations=4 (full 0):
 PSYoungGen      total 72704K, used 5105K [0x00000007d5500000, 0x00000007da100000, 0x0000000800000000)
  eden space 67584K, 0% used [0x00000007d5500000,0x00000007d5500000,0x00000007d9700000)
  from space 5120K, 99% used [0x00000007d9c00000,0x00000007da0fc770,0x00000007da100000)
  to   space 5120K, 0% used [0x00000007d9700000,0x00000007d9700000,0x00000007d9c00000)
 ParOldGen       total 87040K, used 6274K [0x0000000780000000, 0x0000000785500000, 0x00000007d5500000)
  object space 87040K, 7% used [0x0000000780000000,0x00000007806208b0,0x0000000785500000)
 PSPermGen       total 23552K, used 23266K [0x000000077ae00000, 0x000000077c500000, 0x0000000780000000)
  object space 23552K, 98% used [0x000000077ae00000,0x000000077c4b8be0,0x000000077c500000)
}
Event: 4.642 GC heap before
{Heap before GC invocations=5 (full 0):
 PSYoungGen      total 72704K, used 72689K [0x00000007d5500000, 0x00000007da100000, 0x0000000800000000)
  eden space 67584K, 100% used [0x00000007d5500000,0x00000007d9700000,0x00000007d9700000)
  from space 5120K, 99% used [0x00000007d9c00000,0x00000007da0fc770,0x00000007da100000)
  to   space 5120K, 0% used [0x00000007d9700000,0x00000007d9700000,0x00000007d9c00000)
 ParOldGen       total 87040K, used 6274K [0x0000000780000000, 0x0000000785500000, 0x00000007d5500000)
  object space 87040K, 7% used [0x0000000780000000,0x00000007806208b0,0x0000000785500000)
 PSPermGen       total 29184K, used 28759K [0x000000077ae00000, 0x000000077ca80000, 0x0000000780000000)
  object space 29184K, 98% used [0x000000077ae00000,0x000000077ca15cd8,0x000000077ca80000)
Event: 4.661 GC heap after
Heap after GC invocations=5 (full 0):
 PSYoungGen      total 72704K, used 5094K [0x00000007d5500000, 0x00000007df200000, 0x0000000800000000)
  eden space 67584K, 0% used [0x00000007d5500000,0x00000007d5500000,0x00000007d9700000)
  from space 5120K, 99% used [0x00000007d9700000,0x00000007d9bf9b00,0x00000007d9c00000)
  to   space 12800K, 0% used [0x00000007de580000,0x00000007de580000,0x00000007df200000)
 ParOldGen       total 87040K, used 11412K [0x0000000780000000, 0x0000000785500000, 0x00000007d5500000)
  object space 87040K, 13% used [0x0000000780000000,0x0000000780b25388,0x0000000785500000)
 PSPermGen       total 29184K, used 28759K [0x000000077ae00000, 0x000000077ca80000, 0x0000000780000000)
  object space 29184K, 98% used [0x000000077ae00000,0x000000077ca15cd8,0x000000077ca80000)
}
Event: 6.835 GC heap before
{Heap before GC invocations=6 (full 0):
 PSYoungGen      total 72704K, used 72678K [0x00000007d5500000, 0x00000007df200000, 0x0000000800000000)
  eden space 67584K, 100% used [0x00000007d5500000,0x00000007d9700000,0x00000007d9700000)
  from space 5120K, 99% used [0x00000007d9700000,0x00000007d9bf9b00,0x00000007d9c00000)
  to   space 12800K, 0% used [0x00000007de580000,0x00000007de580000,0x00000007df200000)
 ParOldGen       total 87040K, used 11412K [0x0000000780000000, 0x0000000785500000, 0x00000007d5500000)
  object space 87040K, 13% used [0x0000000780000000,0x0000000780b25388,0x0000000785500000)
 PSPermGen       total 32256K, used 32241K [0x000000077ae00000, 0x000000077cd80000, 0x0000000780000000)
  object space 32256K, 99% used [0x000000077ae00000,0x000000077cd7c6f8,0x000000077cd80000)
Event: 6.869 GC heap after
Heap after GC invocations=6 (full 0):
 PSYoungGen      total 146432K, used 11150K [0x00000007d5500000, 0x00000007df500000, 0x0000000800000000)
  eden space 133632K, 0% used [0x00000007d5500000,0x00000007d5500000,0x00000007dd780000)
  from space 12800K, 87% used [0x00000007de580000,0x00000007df063b40,0x00000007df200000)
  to   space 14336K, 0% used [0x00000007dd780000,0x00000007dd780000,0x00000007de580000)
 ParOldGen       total 87040K, used 11420K [0x0000000780000000, 0x0000000785500000, 0x00000007d5500000)
  object space 87040K, 13% used [0x0000000780000000,0x0000000780b27388,0x0000000785500000)
 PSPermGen       total 32256K, used 32241K [0x000000077ae00000, 0x000000077cd80000, 0x0000000780000000)
  object space 32256K, 99% used [0x000000077ae00000,0x000000077cd7c6f8,0x000000077cd80000)
}

Deoptimization events (10 events):
Event: 6.071 Thread 0x00007fcc9c005800 Uncommon trap: reason=class_check action=maybe_recompile pc=0x000000010236a328 method=com.rits.cloning.Cloner.isImmutable(Ljava/lang/Class;)Z @ 48
Event: 6.071 Thread 0x00007fcc9c005800 Uncommon trap: reason=class_check action=maybe_recompile pc=0x000000010236a328 method=com.rits.cloning.Cloner.isImmutable(Ljava/lang/Class;)Z @ 48
Event: 6.235 Thread 0x00007fcc9c005800 Uncommon trap: reason=bimorphic action=maybe_recompile pc=0x0000000102395e5c method=com.rits.cloning.Cloner.isImmutable(Ljava/lang/Class;)Z @ 116
Event: 6.237 Thread 0x00007fcc9c005800 Uncommon trap: reason=bimorphic action=maybe_recompile pc=0x0000000102395e5c method=com.rits.cloning.Cloner.isImmutable(Ljava/lang/Class;)Z @ 116
Event: 6.438 Thread 0x00007fcc9c005800 Uncommon trap: reason=bimorphic action=maybe_recompile pc=0x000000010235dbc4 method=sun.reflect.annotation.AnnotationParser.toArray(Ljava/util/Map;)[Ljava/lang/annotation/Annotation; @ 1
Event: 6.442 Thread 0x00007fcc9c005800 Uncommon trap: reason=unreached action=reinterpret pc=0x000000010226ae98 method=java.util.HashMap.get(Ljava/lang/Object;)Ljava/lang/Object; @ 1
Event: 6.687 Thread 0x00007fcc9c005800 Uncommon trap: reason=bimorphic action=maybe_recompile pc=0x000000010235dbc4 method=sun.reflect.annotation.AnnotationParser.toArray(Ljava/util/Map;)[Ljava/lang/annotation/Annotation; @ 1
Event: 6.818 Thread 0x00007fcc9c005800 Uncommon trap: reason=unreached action=reinterpret pc=0x00000001022b3308 method=org.hsqldb.Expression.collectAllSubqueries(Lorg/hsqldb/lib/OrderedHashSet;)Lorg/hsqldb/lib/OrderedHashSet; @ 41
Event: 6.873 Thread 0x00007fcc9c005800 Uncommon trap: reason=class_check action=maybe_recompile pc=0x00000001022d2e44 method=java.util.AbstractList.listIterator()Ljava/util/ListIterator; @ 2
Event: 6.873 Thread 0x00007fcc9c005800 Uncommon trap: reason=class_check action=maybe_recompile pc=0x00000001022d2e44 method=java.util.AbstractList.listIterator()Ljava/util/ListIterator; @ 2

Internal exceptions (10 events):
Event: 6.317 Thread 0x00007fcc9c005800 Threw 0x00000007d77ff1b0 at /HUDSON/workspace/7u-2-build-macosx-x86_64/jdk7u60/1081/hotspot/src/share/vm/prims/jvm.cpp:1244
Event: 6.317 Thread 0x00007fcc9c005800 Threw 0x00000007d7800a10 at /HUDSON/workspace/7u-2-build-macosx-x86_64/jdk7u60/1081/hotspot/src/share/vm/prims/jvm.cpp:1244
Event: 6.317 Thread 0x00007fcc9c005800 Threw 0x00000007d7805738 at /HUDSON/workspace/7u-2-build-macosx-x86_64/jdk7u60/1081/hotspot/src/share/vm/prims/jvm.cpp:1244
Event: 6.328 Thread 0x00007fcc9c005800 Threw 0x00000007d78703b8 at /HUDSON/workspace/7u-2-build-macosx-x86_64/jdk7u60/1081/hotspot/src/share/vm/prims/jvm.cpp:1244
Event: 6.328 Thread 0x00007fcc9c005800 Threw 0x00000007d78750e0 at /HUDSON/workspace/7u-2-build-macosx-x86_64/jdk7u60/1081/hotspot/src/share/vm/prims/jvm.cpp:1244
Event: 6.328 Thread 0x00007fcc9c005800 Threw 0x00000007d7876940 at /HUDSON/workspace/7u-2-build-macosx-x86_64/jdk7u60/1081/hotspot/src/share/vm/prims/jvm.cpp:1244
Event: 6.328 Thread 0x00007fcc9c005800 Threw 0x00000007d787b668 at /HUDSON/workspace/7u-2-build-macosx-x86_64/jdk7u60/1081/hotspot/src/share/vm/prims/jvm.cpp:1244
Event: 6.442 Thread 0x00007fcc9c005800 Implicit null exception at 0x000000010226acf5 to 0x000000010226ae89
Event: 6.454 Thread 0x00007fcc9c005800 Threw 0x00000007d7f31318 at /HUDSON/workspace/7u-2-build-macosx-x86_64/jdk7u60/1081/hotspot/src/share/vm/prims/jvm.cpp:1244
Event: 6.873 Thread 0x00007fcc9c028800 Threw 0x00000007d5782000 at /HUDSON/workspace/7u-2-build-macosx-x86_64/jdk7u60/1081/hotspot/src/share/vm/prims/jvm.cpp:1244

Events (10 events):
Event: 6.872 loading class 0x00007fcc9d837ce0
Event: 6.872 loading class 0x00007fcc9d837ce0 done
Event: 6.873 Thread 0x00007fcc9c005800 Uncommon trap: trap_request=0xffffffde fr.pc=0x00000001022d2e44
Event: 6.873 Thread 0x00007fcc9c005800 DEOPT PACKING pc=0x00000001022d2e44 sp=0x0000000101855ab0
Event: 6.873 Thread 0x00007fcc9c005800 DEOPT UNPACKING pc=0x0000000102239045 sp=0x0000000101855a70 mode 2
Event: 6.873 Thread 0x00007fcc9c005800 Uncommon trap: trap_request=0xffffffde fr.pc=0x00000001022d2e44
Event: 6.873 Thread 0x00007fcc9c005800 DEOPT PACKING pc=0x00000001022d2e44 sp=0x0000000101855ab0
Event: 6.873 Thread 0x00007fcc9c005800 DEOPT UNPACKING pc=0x0000000102239045 sp=0x0000000101855a70 mode 2
Event: 6.874 loading class 0x00007fcc9b648940
Event: 6.874 loading class 0x00007fcc9b648940 done


Dynamic libraries:
0x000000000d367000 	/System/Library/Frameworks/Cocoa.framework/Versions/A/Cocoa
0x000000000d367000 	/System/Library/Frameworks/Security.framework/Versions/A/Security
0x000000000d367000 	/System/Library/Frameworks/ApplicationServices.framework/Versions/A/ApplicationServices
0x000000000d367000 	/usr/lib/libz.1.dylib
0x000000000d367000 	/usr/lib/libSystem.B.dylib
0x000000000d367000 	/usr/lib/libobjc.A.dylib
0x000000000d367000 	/System/Library/Frameworks/CoreFoundation.framework/Versions/A/CoreFoundation
0x000000000d367000 	/System/Library/Frameworks/Foundation.framework/Versions/C/Foundation
0x000000000d367000 	/System/Library/Frameworks/AppKit.framework/Versions/C/AppKit
0x000000000d367000 	/System/Library/Frameworks/CoreData.framework/Versions/A/CoreData
0x000000000d367000 	/System/Library/PrivateFrameworks/RemoteViewServices.framework/Versions/A/RemoteViewServices
0x000000000d367000 	/System/Library/PrivateFrameworks/UIFoundation.framework/Versions/A/UIFoundation
0x000000000d367000 	/System/Library/Frameworks/IOSurface.framework/Versions/A/IOSurface
0x000000000d367000 	/System/Library/Frameworks/AudioToolbox.framework/Versions/A/AudioToolbox
0x000000000d367000 	/System/Library/Frameworks/AudioUnit.framework/Versions/A/AudioUnit
0x000000000d367000 	/System/Library/PrivateFrameworks/DataDetectorsCore.framework/Versions/A/DataDetectorsCore
0x000000000d367000 	/System/Library/PrivateFrameworks/DesktopServicesPriv.framework/Versions/A/DesktopServicesPriv
0x000000000d367000 	/System/Library/Frameworks/Carbon.framework/Versions/A/Frameworks/HIToolbox.framework/Versions/A/HIToolbox
0x000000000d367000 	/System/Library/Frameworks/QuartzCore.framework/Versions/A/QuartzCore
0x000000000d367000 	/System/Library/Frameworks/Carbon.framework/Versions/A/Frameworks/SpeechRecognition.framework/Versions/A/SpeechRecognition
0x000000000d367000 	/usr/lib/libauto.dylib
0x000000000d367000 	/usr/lib/libicucore.A.dylib
0x000000000d367000 	/usr/lib/libxml2.2.dylib
0x000000000d367000 	/System/Library/PrivateFrameworks/CoreUI.framework/Versions/A/CoreUI
0x000000000d367000 	/System/Library/Frameworks/CoreAudio.framework/Versions/A/CoreAudio
0x000000000d367000 	/System/Library/Frameworks/DiskArbitration.framework/Versions/A/DiskArbitration
0x000000000d367000 	/usr/lib/liblangid.dylib
0x000000000d367000 	/System/Library/PrivateFrameworks/MultitouchSupport.framework/Versions/A/MultitouchSupport
0x000000000d367000 	/System/Library/Frameworks/IOKit.framework/Versions/A/IOKit
0x000000000d367000 	/usr/lib/libDiagnosticMessagesClient.dylib
0x000000000d367000 	/System/Library/Frameworks/CoreServices.framework/Versions/A/CoreServices
0x000000000d367000 	/System/Library/PrivateFrameworks/PerformanceAnalysis.framework/Versions/A/PerformanceAnalysis
0x000000000d367000 	/System/Library/PrivateFrameworks/GenerationalStorage.framework/Versions/A/GenerationalStorage
0x000000000d367000 	/System/Library/Frameworks/OpenGL.framework/Versions/A/OpenGL
0x000000000d367000 	/System/Library/PrivateFrameworks/Sharing.framework/Versions/A/Sharing
0x000000000d367000 	/System/Library/Frameworks/CoreGraphics.framework/Versions/A/CoreGraphics
0x000000000d367000 	/System/Library/Frameworks/CoreText.framework/Versions/A/CoreText
0x000000000d367000 	/System/Library/Frameworks/ImageIO.framework/Versions/A/ImageIO
0x000000000d367000 	/usr/lib/libextension.dylib
0x000000000d367000 	/System/Library/PrivateFrameworks/Backup.framework/Versions/A/Backup
0x000000000d367000 	/usr/lib/libarchive.2.dylib
0x000000000d367000 	/System/Library/Frameworks/CFNetwork.framework/Versions/A/CFNetwork
0x000000000d367000 	/System/Library/Frameworks/SystemConfiguration.framework/Versions/A/SystemConfiguration
0x000000000d367000 	/usr/lib/libCRFSuite.dylib
0x000000000d367000 	/usr/lib/libc++.1.dylib
0x000000000d367000 	/usr/lib/libc++abi.dylib
0x000000000d367000 	/usr/lib/system/libcache.dylib
0x000000000d367000 	/usr/lib/system/libcommonCrypto.dylib
0x000000000d367000 	/usr/lib/system/libcompiler_rt.dylib
0x000000000d367000 	/usr/lib/system/libcopyfile.dylib
0x000000000d367000 	/usr/lib/system/libcorecrypto.dylib
0x000000000d367000 	/usr/lib/system/libdispatch.dylib
0x000000000d367000 	/usr/lib/system/libdyld.dylib
0x000000000d367000 	/usr/lib/system/libkeymgr.dylib
0x000000000d367000 	/usr/lib/system/liblaunch.dylib
0x000000000d367000 	/usr/lib/system/libmacho.dylib
0x000000000d367000 	/usr/lib/system/libquarantine.dylib
0x000000000d367000 	/usr/lib/system/libremovefile.dylib
0x000000000d367000 	/usr/lib/system/libsystem_asl.dylib
0x000000000d367000 	/usr/lib/system/libsystem_blocks.dylib
0x000000000d367000 	/usr/lib/system/libsystem_c.dylib
0x000000000d367000 	/usr/lib/system/libsystem_configuration.dylib
0x000000000d367000 	/usr/lib/system/libsystem_coreservices.dylib
0x000000000d367000 	/usr/lib/system/libsystem_coretls.dylib
0x000000000d367000 	/usr/lib/system/libsystem_dnssd.dylib
0x000000000d367000 	/usr/lib/system/libsystem_info.dylib
0x000000000d367000 	/usr/lib/system/libsystem_kernel.dylib
0x000000000d367000 	/usr/lib/system/libsystem_m.dylib
0x000000000d367000 	/usr/lib/system/libsystem_malloc.dylib
0x000000000d367000 	/usr/lib/system/libsystem_network.dylib
0x000000000d367000 	/usr/lib/system/libsystem_networkextension.dylib
0x000000000d367000 	/usr/lib/system/libsystem_notify.dylib
0x000000000d367000 	/usr/lib/system/libsystem_platform.dylib
0x000000000d367000 	/usr/lib/system/libsystem_pthread.dylib
0x000000000d367000 	/usr/lib/system/libsystem_sandbox.dylib
0x000000000d367000 	/usr/lib/system/libsystem_secinit.dylib
0x000000000d367000 	/usr/lib/system/libsystem_stats.dylib
0x000000000d367000 	/usr/lib/system/libsystem_trace.dylib
0x000000000d367000 	/usr/lib/system/libunc.dylib
0x000000000d367000 	/usr/lib/system/libunwind.dylib
0x000000000d367000 	/usr/lib/system/libxpc.dylib
0x000000000d367000 	/usr/lib/libbz2.1.0.dylib
0x000000000d367000 	/usr/lib/liblzma.5.dylib
0x000000000d367000 	/usr/lib/libbsm.0.dylib
0x000000000d367000 	/usr/lib/libsqlite3.dylib
0x000000000d367000 	/usr/lib/system/libkxld.dylib
0x000000000d367000 	/usr/lib/libxar.1.dylib
0x000000000d367000 	/usr/lib/libpam.2.dylib
0x000000000d367000 	/usr/lib/libOpenScriptingUtil.dylib
0x000000000d367000 	/System/Library/Frameworks/CoreServices.framework/Versions/A/Frameworks/FSEvents.framework/Versions/A/FSEvents
0x000000000d367000 	/System/Library/Frameworks/CoreServices.framework/Versions/A/Frameworks/CarbonCore.framework/Versions/A/CarbonCore
0x000000000d367000 	/System/Library/Frameworks/CoreServices.framework/Versions/A/Frameworks/Metadata.framework/Versions/A/Metadata
0x000000000d367000 	/System/Library/Frameworks/CoreServices.framework/Versions/A/Frameworks/OSServices.framework/Versions/A/OSServices
0x000000000d367000 	/System/Library/Frameworks/CoreServices.framework/Versions/A/Frameworks/SearchKit.framework/Versions/A/SearchKit
0x000000000d367000 	/System/Library/Frameworks/CoreServices.framework/Versions/A/Frameworks/AE.framework/Versions/A/AE
0x000000000d367000 	/System/Library/Frameworks/CoreServices.framework/Versions/A/Frameworks/LaunchServices.framework/Versions/A/LaunchServices
0x000000000d367000 	/System/Library/Frameworks/CoreServices.framework/Versions/A/Frameworks/DictionaryServices.framework/Versions/A/DictionaryServices
0x000000000d367000 	/System/Library/Frameworks/NetFS.framework/Versions/A/NetFS
0x000000000d367000 	/System/Library/PrivateFrameworks/NetAuth.framework/Versions/A/NetAuth
0x000000000d367000 	/System/Library/PrivateFrameworks/login.framework/Versions/A/Frameworks/loginsupport.framework/Versions/A/loginsupport
0x000000000d367000 	/System/Library/PrivateFrameworks/TCC.framework/Versions/A/TCC
0x000000000d367000 	/usr/lib/libmecabra.dylib
0x000000000d367000 	/System/Library/Frameworks/ApplicationServices.framework/Versions/A/Frameworks/ATS.framework/Versions/A/ATS
0x000000000d367000 	/System/Library/Frameworks/ApplicationServices.framework/Versions/A/Frameworks/ColorSync.framework/Versions/A/ColorSync
0x000000000d367000 	/System/Library/Frameworks/ApplicationServices.framework/Versions/A/Frameworks/HIServices.framework/Versions/A/HIServices
0x000000000d367000 	/System/Library/Frameworks/ApplicationServices.framework/Versions/A/Frameworks/LangAnalysis.framework/Versions/A/LangAnalysis
0x000000000d367000 	/System/Library/Frameworks/ApplicationServices.framework/Versions/A/Frameworks/PrintCore.framework/Versions/A/PrintCore
0x000000000d367000 	/System/Library/Frameworks/ApplicationServices.framework/Versions/A/Frameworks/QD.framework/Versions/A/QD
0x000000000d367000 	/System/Library/Frameworks/ApplicationServices.framework/Versions/A/Frameworks/SpeechSynthesis.framework/Versions/A/SpeechSynthesis
0x000000000d367000 	/System/Library/Frameworks/Accelerate.framework/Versions/A/Accelerate
0x000000000d367000 	/System/Library/Frameworks/Accelerate.framework/Versions/A/Frameworks/vImage.framework/Versions/A/vImage
0x000000000d367000 	/System/Library/Frameworks/Accelerate.framework/Versions/A/Frameworks/vecLib.framework/Versions/A/vecLib
0x000000000d367000 	/System/Library/Frameworks/Accelerate.framework/Versions/A/Frameworks/vecLib.framework/Versions/A/libvDSP.dylib
0x000000000d367000 	/System/Library/Frameworks/Accelerate.framework/Versions/A/Frameworks/vecLib.framework/Versions/A/libvMisc.dylib
0x000000000d367000 	/System/Library/Frameworks/Accelerate.framework/Versions/A/Frameworks/vecLib.framework/Versions/A/libLAPACK.dylib
0x000000000d367000 	/System/Library/Frameworks/Accelerate.framework/Versions/A/Frameworks/vecLib.framework/Versions/A/libBLAS.dylib
0x000000000d367000 	/System/Library/Frameworks/Accelerate.framework/Versions/A/Frameworks/vecLib.framework/Versions/A/libLinearAlgebra.dylib
0x000000000d367000 	/System/Library/Frameworks/ApplicationServices.framework/Versions/A/Frameworks/ATS.framework/Versions/A/Resources/libFontParser.dylib
0x000000000d367000 	/System/Library/Frameworks/ApplicationServices.framework/Versions/A/Frameworks/ATS.framework/Versions/A/Resources/libFontRegistry.dylib
0x000000000d367000 	/System/Library/PrivateFrameworks/AppleVPA.framework/Versions/A/AppleVPA
0x000000000d367000 	/System/Library/PrivateFrameworks/AppleJPEG.framework/Versions/A/AppleJPEG
0x000000000d367000 	/System/Library/Frameworks/ImageIO.framework/Versions/A/Resources/libJPEG.dylib
0x000000000d367000 	/System/Library/Frameworks/ImageIO.framework/Versions/A/Resources/libTIFF.dylib
0x000000000d367000 	/System/Library/Frameworks/ImageIO.framework/Versions/A/Resources/libPng.dylib
0x000000000d367000 	/System/Library/Frameworks/ImageIO.framework/Versions/A/Resources/libGIF.dylib
0x000000000d367000 	/System/Library/Frameworks/ImageIO.framework/Versions/A/Resources/libJP2.dylib
0x000000000d367000 	/System/Library/Frameworks/ImageIO.framework/Versions/A/Resources/libRadiance.dylib
0x000000000d367000 	/System/Library/Frameworks/CoreVideo.framework/Versions/A/CoreVideo
0x000000000d367000 	/System/Library/Frameworks/OpenGL.framework/Versions/A/Libraries/libGLU.dylib
0x000000000d367000 	/System/Library/Frameworks/OpenGL.framework/Versions/A/Libraries/libGFXShared.dylib
0x000000000d367000 	/System/Library/Frameworks/OpenGL.framework/Versions/A/Libraries/libGL.dylib
0x000000000d367000 	/System/Library/Frameworks/OpenGL.framework/Versions/A/Libraries/libGLImage.dylib
0x000000000d367000 	/System/Library/Frameworks/OpenGL.framework/Versions/A/Libraries/libCVMSPluginSupport.dylib
0x000000000d367000 	/System/Library/Frameworks/OpenGL.framework/Versions/A/Libraries/libCoreVMClient.dylib
0x000000000d367000 	/usr/lib/libcups.2.dylib
0x000000000d367000 	/System/Library/Frameworks/Kerberos.framework/Versions/A/Kerberos
0x000000000d367000 	/System/Library/Frameworks/GSS.framework/Versions/A/GSS
0x000000000d367000 	/usr/lib/libresolv.9.dylib
0x000000000d367000 	/usr/lib/libiconv.2.dylib
0x000000000d367000 	/System/Library/PrivateFrameworks/Heimdal.framework/Versions/A/Heimdal
0x000000000d367000 	/usr/lib/libheimdal-asn1.dylib
0x000000000d367000 	/System/Library/Frameworks/OpenDirectory.framework/Versions/A/OpenDirectory
0x000000000d367000 	/System/Library/PrivateFrameworks/CommonAuth.framework/Versions/A/CommonAuth
0x000000000d367000 	/System/Library/Frameworks/OpenDirectory.framework/Versions/A/Frameworks/CFOpenDirectory.framework/Versions/A/CFOpenDirectory
0x000000000d367000 	/System/Library/Frameworks/SecurityFoundation.framework/Versions/A/SecurityFoundation
0x000000000d367000 	/System/Library/PrivateFrameworks/LanguageModeling.framework/Versions/A/LanguageModeling
0x000000000d367000 	/usr/lib/libcmph.dylib
0x000000000d367000 	/System/Library/Frameworks/ServiceManagement.framework/Versions/A/ServiceManagement
0x000000000d367000 	/usr/lib/libxslt.1.dylib
0x000000000d367000 	/System/Library/Frameworks/Carbon.framework/Versions/A/Frameworks/Ink.framework/Versions/A/Ink
0x000000000d367000 	/System/Library/Frameworks/QuartzCore.framework/Versions/A/Frameworks/CoreImage.framework/Versions/A/CoreImage
0x000000000d367000 	/System/Library/PrivateFrameworks/CrashReporterSupport.framework/Versions/A/CrashReporterSupport
0x000000000d367000 	/System/Library/Frameworks/OpenCL.framework/Versions/A/OpenCL
0x000000000d367000 	/System/Library/PrivateFrameworks/FaceCore.framework/Versions/A/FaceCore
0x000000000d367000 	/System/Library/PrivateFrameworks/Ubiquity.framework/Versions/A/Ubiquity
0x000000000d367000 	/System/Library/PrivateFrameworks/IconServices.framework/Versions/A/IconServices
0x000000000d367000 	/System/Library/PrivateFrameworks/ChunkingLibrary.framework/Versions/A/ChunkingLibrary
0x000000000d367000 	/System/Library/PrivateFrameworks/Apple80211.framework/Versions/A/Apple80211
0x000000000d367000 	/System/Library/Frameworks/CoreWLAN.framework/Versions/A/CoreWLAN
0x000000000d367000 	/System/Library/Frameworks/IOBluetooth.framework/Versions/A/IOBluetooth
0x000000000d367000 	/System/Library/PrivateFrameworks/CoreWiFi.framework/Versions/A/CoreWiFi
0x000000000d367000 	/System/Library/Frameworks/CoreBluetooth.framework/Versions/A/CoreBluetooth
0x000000000d367000 	/System/Library/PrivateFrameworks/DebugSymbols.framework/Versions/A/DebugSymbols
0x000000000d367000 	/System/Library/PrivateFrameworks/CoreSymbolication.framework/Versions/A/CoreSymbolication
0x000000000d367000 	/System/Library/PrivateFrameworks/Symbolication.framework/Versions/A/Symbolication
0x000000000d367000 	/System/Library/PrivateFrameworks/SpeechRecognitionCore.framework/Versions/A/SpeechRecognitionCore
0x0000000100cf8000 	/Library/Java/JavaVirtualMachines/jdk1.7.0_60.jdk/Contents/Home/jre/lib/server/libjvm.dylib
0x000000000d367000 	/usr/lib/libstdc++.6.dylib
0x0000000101871000 	/Library/Java/JavaVirtualMachines/jdk1.7.0_60.jdk/Contents/Home/jre/lib/libverify.dylib
0x000000010187e000 	/Library/Java/JavaVirtualMachines/jdk1.7.0_60.jdk/Contents/Home/jre/lib/libjava.dylib
0x00000001018b8000 	/Library/Java/JavaVirtualMachines/jdk1.7.0_60.jdk/Contents/Home/jre/lib/libzip.dylib
0x000000010b912000 	/System/Library/Frameworks/JavaVM.framework/Frameworks/JavaRuntimeSupport.framework/JavaRuntimeSupport
0x000000010b92a000 	/System/Library/Frameworks/JavaVM.framework/Versions/A/Frameworks/JavaNativeFoundation.framework/Versions/A/JavaNativeFoundation
0x000000010b93f000 	/System/Library/Frameworks/JavaVM.framework/Versions/A/JavaVM
0x000000000d367000 	/System/Library/Frameworks/Carbon.framework/Versions/A/Carbon
0x00000001019f4000 	/System/Library/PrivateFrameworks/JavaLaunching.framework/Versions/A/JavaLaunching
0x000000000d367000 	/System/Library/Frameworks/Carbon.framework/Versions/A/Frameworks/CommonPanels.framework/Versions/A/CommonPanels
0x000000000d367000 	/System/Library/Frameworks/Carbon.framework/Versions/A/Frameworks/Help.framework/Versions/A/Help
0x000000000d367000 	/System/Library/Frameworks/Carbon.framework/Versions/A/Frameworks/ImageCapture.framework/Versions/A/ImageCapture
0x000000000d367000 	/System/Library/Frameworks/Carbon.framework/Versions/A/Frameworks/OpenScripting.framework/Versions/A/OpenScripting
0x000000000d367000 	/System/Library/Frameworks/Carbon.framework/Versions/A/Frameworks/Print.framework/Versions/A/Print
0x000000000d367000 	/System/Library/Frameworks/Carbon.framework/Versions/A/Frameworks/SecurityHI.framework/Versions/A/SecurityHI
0x000000010da03000 	/Library/Java/JavaVirtualMachines/jdk1.7.0_60.jdk/Contents/Home/jre/lib/libnio.dylib
0x000000010da12000 	/Library/Java/JavaVirtualMachines/jdk1.7.0_60.jdk/Contents/Home/jre/lib/./libnet.dylib

VM Arguments:
java_command: /Users/arseniy/MyPrj/git/tura-4.0.0/platform/datacontrol/core/target/surefire/surefirebooter3300013415042442492.jar /Users/arseniy/MyPrj/git/tura-4.0.0/platform/datacontrol/core/target/surefire/surefire2987605655277872356tmp /Users/arseniy/MyPrj/git/tura-4.0.0/platform/datacontrol/core/target/surefire/surefire_17960406108017272025tmp
Launcher Type: SUN_STANDARD

Environment Variables:
JAVA_HOME=/Library/Java/JavaVirtualMachines/jdk1.7.0_60.jdk/Contents/Home
PATH=/usr/local/bin:/usr/bin:/bin:/usr/sbin:/sbin
SHELL=/bin/bash

Signal Handlers:
SIGSEGV: [libjvm.dylib+0x52b7b1], sa_mask[0]=0xfffefeff, sa_flags=0x00000043
SIGBUS: [libjvm.dylib+0x52b7b1], sa_mask[0]=0xfffefeff, sa_flags=0x00000042
SIGFPE: [libjvm.dylib+0x41e28a], sa_mask[0]=0xfffefeff, sa_flags=0x00000042
SIGPIPE: [libjvm.dylib+0x41e28a], sa_mask[0]=0xfffefeff, sa_flags=0x00000042
SIGXFSZ: [libjvm.dylib+0x41e28a], sa_mask[0]=0xfffefeff, sa_flags=0x00000042
SIGILL: [libjvm.dylib+0x41e28a], sa_mask[0]=0xfffefeff, sa_flags=0x00000042
SIGUSR1: SIG_DFL, sa_mask[0]=0x63807efb, sa_flags=0x00000000
SIGUSR2: [libjvm.dylib+0x41dd7c], sa_mask[0]=0x00000004, sa_flags=0x00000042
SIGHUP: [libjvm.dylib+0x41c00b], sa_mask[0]=0xfffefeff, sa_flags=0x00000042
SIGINT: [libjvm.dylib+0x41c00b], sa_mask[0]=0xfffefeff, sa_flags=0x00000042
SIGTERM: [libjvm.dylib+0x41c00b], sa_mask[0]=0xfffefeff, sa_flags=0x00000042
SIGQUIT: [libjvm.dylib+0x41c00b], sa_mask[0]=0xfffefeff, sa_flags=0x00000042


---------------  S Y S T E M  ---------------

OS:Bsduname:Darwin 14.5.0 Darwin Kernel Version 14.5.0: Tue Sep  1 21:23:09 PDT 2015; root:xnu-2782.50.1~1/RELEASE_X86_64 x86_64
rlimit: STACK 8192k, CORE 0k, NPROC 709, NOFILE 10240, AS infinity
load average:2.44 2.29 2.20

CPU:total 4 (2 cores per cpu, 2 threads per core) family 6 model 42 stepping 7, cmov, cx8, fxsr, mmx, sse, sse2, sse3, ssse3, sse4.1, sse4.2, popcnt, avx, aes, ht, tsc, tscinvbit

Memory: 4k page, physical 8388608k(2097152k free)

/proc/meminfo:


vm_info: Java HotSpot(TM) 64-Bit Server VM (24.60-b09) for bsd-amd64 JRE (1.7.0_60-b19), built on May  7 2014 12:52:25 by "java_re" with gcc 4.2.1 (Based on Apple Inc. build 5658) (LLVM build 2336.11.00)

time: Tue Mar  8 22:21:25 2016
elapsed time: 6 seconds

