<?xml version="1.0" encoding="UTF-8"?>
<trace:TraceModel
    xmi:version="2.0"
    xmlns:xmi="http://www.omg.org/XMI"
    xmlns:trace="http://www.eclipse.org/gmf/2006/Trace">
  <nodeTraces
      visualID="2001"
      queryText="(let _eClass_:ecore::EClass = modelFacet.metaClass.ecoreClass in _eClass_.ePackage.nsURI = 'http://tura.org/2013/v1/domain' and _eClass_.name = 'Types') and (let _containmentMF_:ecore::EStructuralFeature = modelFacet.containmentMetaFeature.ecoreFeature in (let _eClass_:ecore::EClass = _containmentMF_.eContainingClass in _eClass_.ePackage.nsURI = 'http://tura.org/2013/v1/domain' and _eClass_.name = 'TypesRepository') and _containmentMF_.name = 'typeDefinition')">
    <nodeLabelTraces
        visualID="5004"
        queryText="true"/>
    <compartmentTraces
        visualID="7001"
        queryText="true"/>
    <compartmentTraces
        visualID="7002"
        queryText="true"/>
  </nodeTraces>
  <childNodeTraces
      visualID="3002"
      queryText="(let _eClass_:ecore::EClass = modelFacet.metaClass.ecoreClass in _eClass_.ePackage.nsURI = 'http://tura.org/2013/v1/domain' and _eClass_.name = 'Package') and (let _containmentMF_:ecore::EStructuralFeature = modelFacet.containmentMetaFeature.ecoreFeature in (let _eClass_:ecore::EClass = _containmentMF_.eContainingClass in _eClass_.ePackage.nsURI = 'http://tura.org/2013/v1/domain' and _eClass_.name = 'Types') and _containmentMF_.name = 'packages')">
    <nodeLabelTraces
        visualID="5002"
        queryText="true"/>
  </childNodeTraces>
  <childNodeTraces
      visualID="3003"
      queryText="(let _eClass_:ecore::EClass = modelFacet.metaClass.ecoreClass in _eClass_.ePackage.nsURI = 'http://tura.org/2013/v1/domain' and _eClass_.name = 'BusinessPackage') and (let _containmentMF_:ecore::EStructuralFeature = modelFacet.containmentMetaFeature.ecoreFeature in (let _eClass_:ecore::EClass = _containmentMF_.eContainingClass in _eClass_.ePackage.nsURI = 'http://tura.org/2013/v1/domain' and _eClass_.name = 'Types') and _containmentMF_.name = 'businessPackages')">
    <nodeLabelTraces
        visualID="5003"
        queryText="true"/>
  </childNodeTraces>
  <linkTraces
      visualID="4001"
      queryText="modelFacet.oclIsKindOf(gmfgen::TypeLinkModelFacet) and (let _eClass_:ecore::EClass = modelFacet.oclAsType(gmfgen::TypeLinkModelFacet).metaClass.ecoreClass in _eClass_.ePackage.nsURI = 'http://tura.org/2013/v1/domain' and _eClass_.name = 'TypeExtension')"/>
  <linkTraces
      visualID="4003"
      queryText="modelFacet.oclIsKindOf(gmfgen::FeatureLinkModelFacet) and (let _feature_:ecore::EStructuralFeature = modelFacet.oclAsType(gmfgen::FeatureLinkModelFacet).metaFeature.ecoreFeature in (let _eClass_:ecore::EClass = _feature_.eContainingClass in _eClass_.ePackage.nsURI = 'http://tura.org/2013/v1/domain' and _eClass_.name = 'Configuration') and _feature_.name = 'configExtension')">
    <linkLabelTraces
        visualID="6002"
        queryText="true"/>
  </linkTraces>
  <linkTraces
      visualID="4004"
      queryText="modelFacet.oclIsKindOf(gmfgen::FeatureLinkModelFacet) and (let _feature_:ecore::EStructuralFeature = modelFacet.oclAsType(gmfgen::FeatureLinkModelFacet).metaFeature.ecoreFeature in (let _eClass_:ecore::EClass = _feature_.eContainingClass in _eClass_.ePackage.nsURI = 'http://tura.org/2013/v1/domain' and _eClass_.name = 'Infrastructure') and _feature_.name = 'recipeConfig')">
    <linkLabelTraces
        visualID="6003"
        queryText="true"/>
  </linkTraces>
  <linkTraces
      visualID="4005"
      queryText="modelFacet.oclIsKindOf(gmfgen::FeatureLinkModelFacet) and (let _feature_:ecore::EStructuralFeature = modelFacet.oclAsType(gmfgen::FeatureLinkModelFacet).metaFeature.ecoreFeature in (let _eClass_:ecore::EClass = _feature_.eContainingClass in _eClass_.ePackage.nsURI = 'http://tura.org/2013/v1/domain' and _eClass_.name = 'Recipe') and _feature_.name = 'infrastructures')">
    <linkLabelTraces
        visualID="6004"
        queryText="true"/>
  </linkTraces>
  <linkTraces
      visualID="4006"
      queryText="modelFacet.oclIsKindOf(gmfgen::FeatureLinkModelFacet) and (let _feature_:ecore::EStructuralFeature = modelFacet.oclAsType(gmfgen::FeatureLinkModelFacet).metaFeature.ecoreFeature in (let _eClass_:ecore::EClass = _feature_.eContainingClass in _eClass_.ePackage.nsURI = 'http://tura.org/2013/v1/domain' and _eClass_.name = 'Recipe') and _feature_.name = 'deloyment')">
    <linkLabelTraces
        visualID="6005"
        queryText="true"/>
  </linkTraces>
  <linkTraces
      visualID="4007"
      queryText="modelFacet.oclIsKindOf(gmfgen::FeatureLinkModelFacet) and (let _feature_:ecore::EStructuralFeature = modelFacet.oclAsType(gmfgen::FeatureLinkModelFacet).metaFeature.ecoreFeature in (let _eClass_:ecore::EClass = _feature_.eContainingClass in _eClass_.ePackage.nsURI = 'http://tura.org/2013/v1/domain' and _eClass_.name = 'DeploymentComponent') and _feature_.name = 'deplymentComponent')">
    <linkLabelTraces
        visualID="6006"
        queryText="true"/>
  </linkTraces>
  <linkTraces
      visualID="4009"
      queryText="modelFacet.oclIsKindOf(gmfgen::FeatureLinkModelFacet) and (let _feature_:ecore::EStructuralFeature = modelFacet.oclAsType(gmfgen::FeatureLinkModelFacet).metaFeature.ecoreFeature in (let _eClass_:ecore::EClass = _feature_.eContainingClass in _eClass_.ePackage.nsURI = 'http://tura.org/2013/v1/domain' and _eClass_.name = 'DeploymentStarStep') and _feature_.name = 'firstStep')">
    <linkLabelTraces
        visualID="6008"
        queryText="true"/>
  </linkTraces>
</trace:TraceModel>
